
C:\Users\lucxu\OneDrive\Desktop\gateway>idf.py monitor
Executing action: monitor
Serial port COM3
Connecting....
Detecting chip type... Unsupported detection protocol, switching and trying again...
Connecting....
Detecting chip type... ESP32
Running idf_monitor in directory c:\users\lucxu\onedrive\desktop\gateway
Executing "C:\Espressif\python_env\idf4.3_py3.8_env\Scripts\python.exe C:\Espressif\frameworks\esp-idf-v4.3.4\tools/idf_monitor.py -p COM3 -b 115200 --toolchain-prefix xtensa-esp32-elf- c:\users\lucxu\onedrive\desktop\gateway\build\gatt_multi_connect.elf -m 'C:\Espressif\python_env\idf4.3_py3.8_env\Scripts\python.exe' 'C:\Espressif\frameworks\esp-idf-v4.3.4\tools\idf.py'"...
←[0;33m--- WARNING: GDB cannot open serial ports accessed as COMx←[0m
←[0;33m--- Using \\.\COM3 instead...←[0m
--- idf_monitor on \\.\COM3 115200 ---
--- Quit: Ctrl+] | Menu: Ctrl+T | Help: Ctrl+T followed by Ctrl+H ---
ets Jul 29 2019 12:21:46

rst:0x1 (POWERON_RESET),boot:0x13 (SPI_FAST_FLASH_BOOT)
configsip: 0, SPIWP:0xee
clk_drv:0x00,q_drv:0x00,d_drv:0x00,cs0_drv:0x00,hd_drv:0x00,wp_drv:0x00
mode:DIO, clock div:2
load:0x3fff0030,len:7400
load:0x40078000,len:14948
load:0x40080400,len:3688
0x40080400: _init at ??:?

entry 0x4008067c
I (27) boot: ESP-IDF v4.3.4-dirty 2nd stage bootloader
I (27) boot: compile time 02:33:46
I (27) boot: chip revision: 3
I (31) boot_comm: chip revision: 3, min. bootloader chip revision: 0
I (38) boot.esp32: SPI Speed      : 40MHz
I (42) boot.esp32: SPI Mode       : DIO
I (47) boot.esp32: SPI Flash Size : 4MB
I (51) boot: Enabling RNG early entropy source...
I (57) boot: Partition Table:
I (60) boot: ## Label            Usage          Type ST Offset   Length
I (68) boot:  0 nvs              WiFi data        01 02 00009000 00006000
I (75) boot:  1 phy_init         RF data          01 01 0000f000 00001000
I (83) boot:  2 factory          factory app      00 00 00010000 00200000
I (90) boot: End of partition table
I (94) boot_comm: chip revision: 3, min. application chip revision: 0
I (101) esp_image: segment 0: paddr=00010020 vaddr=3f400020 size=2a18ch (172428) map
I (172) esp_image: segment 1: paddr=0003a1b4 vaddr=3ffbdb60 size=04acch ( 19148) load
I (180) esp_image: segment 2: paddr=0003ec88 vaddr=40080000 size=01390h (  5008) load
I (182) esp_image: segment 3: paddr=00040020 vaddr=400d0020 size=c9244h (823876) map
I (485) esp_image: segment 4: paddr=0010926c vaddr=40081390 size=1c444h (115780) load
I (533) esp_image: segment 5: paddr=001256b8 vaddr=50000000 size=00010h (    16) load
I (547) boot: Loaded app from partition at offset 0x10000
I (547) boot: Disabling RNG early entropy source...
I (559) cpu_start: Pro cpu up.
I (559) cpu_start: Starting app cpu, entry point is 0x400812a8
0x400812a8: call_start_cpu1 at C:/Espressif/frameworks/esp-idf-v4.3.4/components/esp_system/port/cpu_start.c:150

I (0) cpu_start: App cpu up.
I (575) cpu_start: Pro cpu start user code
I (575) cpu_start: cpu freq: 160000000
I (575) cpu_start: Application information:
I (580) cpu_start: Project name:     gatt_multi_connect
I (586) cpu_start: App version:      1
I (590) cpu_start: Compile time:     Jan 14 2025 02:33:33
I (596) cpu_start: ELF file SHA256:  64c214b783999548...
I (602) cpu_start: ESP-IDF:          v4.3.4-dirty
I (608) heap_init: Initializing. RAM available for dynamic allocation:
I (615) heap_init: At 3FFAFF10 len 000000F0 (0 KiB): DRAM
I (621) heap_init: At 3FFB6388 len 00001C78 (7 KiB): DRAM
I (627) heap_init: At 3FFB9A20 len 00004108 (16 KiB): DRAM
I (633) heap_init: At 3FFC92E8 len 00016D18 (91 KiB): DRAM
I (639) heap_init: At 3FFE0440 len 00003AE0 (14 KiB): D/IRAM
I (646) heap_init: At 3FFE4350 len 0001BCB0 (111 KiB): D/IRAM
I (652) heap_init: At 4009D7D4 len 0000282C (10 KiB): IRAM
I (660) spi_flash: detected chip: generic
I (663) spi_flash: flash io: dio
I (668) cpu_start: Starting scheduler on PRO CPU.
I (0) cpu_start: Starting scheduler on APP CPU.
I (701) BTDM_INIT: BT controller compile version [53b89f8]
I (711) system_api: Base MAC address is not set
I (711) system_api: read default base MAC address from EFUSE
I (711) phy_init: phy_version 4670,719f9f6,Feb 18 2021,17:07:07
I (1121) GATTC_MULTIPLE_DEMO: REG_EVT
I (1121) MQTT_EXAMPLE: [APP] Startup..
I (1121) MQTT_EXAMPLE: [APP] Free memory: 189012 bytes
I (1121) GATTC_MULTIPLE_DEMO: REG_EVT
I (1131) MQTT_EXAMPLE: [APP] IDF version: v4.3.4-dirty
I (1131) GATTC_MULTIPLE_DEMO: Scan start success
I (1151) wifi:wifi driver task: 3ffd4d18, prio:23, stack:6656, core=0
I (1151) wifi:wifi firmware version: 4ad6fcc
I (1151) wifi:wifi certification version: v7.0
I (1151) wifi:config NVS flash: enabled
I (1161) wifi:config nano formating: disabled
I (1161) wifi:Init data frame dynamic rx buffer num: 32
I (1161) wifi:Init management frame dynamic rx buffer num: 32
I (1171) wifi:Init management short buffer num: 32
I (1171) wifi:Init dynamic tx buffer num: 32
I (1181) wifi:Init static rx buffer size: 1600
I (1181) wifi:Init static rx buffer num: 10
I (1191) wifi:Init dynamic rx buffer num: 32
I (1191) wifi_init: rx ba win: 6
I (1191) wifi_init: tcpip mbox: 32
I (1201) wifi_init: udp mbox: 6
I (1201) wifi_init: tcp mbox: 6
I (1211) wifi_init: tcp tx win: 5744
I (1211) wifi_init: tcp rx win: 5744
I (1221) wifi_init: tcp mss: 1440
I (1221) wifi_init: WiFi IRAM OP enabled
I (1221) wifi_init: WiFi RX IRAM OP enabled
I (1231) example_connect: Connecting to IPhone...
I (1241) wifi:mode : sta (f8:b3:b7:20:53:f4)
I (1241) wifi:enable tsf
I (1241) example_connect: Waiting for IP(s)
I (2871) GATTC_MULTIPLE_DEMO: 77 27 4a b7 86 db
I (2871) GATTC_MULTIPLE_DEMO: Searched Adv Data Len 17, Scan Response Len 0
I (2871) GATTC_MULTIPLE_DEMO: Searched Device Name Len 0
I (2871) GATTC_MULTIPLE_DEMO:

E (2881) MQTT_CLIENT: Client was not initialized
E (2881) MQTT_CLIENT: Client was not initialized
I (3111) GATTC_MULTIPLE_DEMO: 8c 4f 00 29 23 4e
I (3111) GATTC_MULTIPLE_DEMO: Searched Adv Data Len 27, Scan Response Len 30
I (3111) GATTC_MULTIPLE_DEMO: Searched Device Name Len 16
I (3111) GATTC_MULTIPLE_DEMO: ESP_GATTS_DEMO_a
I (3121) GATTC_MULTIPLE_DEMO:

E (3121) MQTT_CLIENT: Client was not initialized
E (3131) MQTT_CLIENT: Client was not initialized
I (3131) GATTC_MULTIPLE_DEMO: Searched device ESP_GATTS_DEMO_a
I (3151) GATTC_MULTIPLE_DEMO: Stop scan successfully
I (3281) GATTC_MULTIPLE_DEMO: ESP_GATTC_OPEN_EVT conn_id 0, if 1, status 0, mtu 23
I (3281) GATTC_MULTIPLE_DEMO: REMOTE BDA:
I (3281) GATTC_MULTIPLE_DEMO: 8c 4f 00 29 23 4e
I (3441) GATTC_MULTIPLE_DEMO: update connection params status = 0, min_int = 16, max_int = 32,conn_int = 32,latency = 0, timeout = 400
I (4071) wifi:new:<13,0>, old:<1,0>, ap:<255,255>, sta:<13,0>, prof:1
I (5411) wifi:state: init -> auth (b0)
I (5421) wifi:state: auth -> init (1c0)
I (5421) wifi:new:<13,0>, old:<13,0>, ap:<255,255>, sta:<13,0>, prof:1
I (5421) example_connect: Wi-Fi disconnected, trying to reconnect...
I (6281) GATTC_MULTIPLE_DEMO: Status 0, MTU 200, conn_id 0
I (6281) GATTC_MULTIPLE_DEMO: SEARCH RES: conn_id = 0 is primary service 1
I (6281) GATTC_MULTIPLE_DEMO: start handle 40 end handle 65535 current handle value 40
I (6291) GATTC_MULTIPLE_DEMO: UUID16: ff
I (6521) GATTC_MULTIPLE_DEMO: write descr success
I (6521) GATTC_MULTIPLE_DEMO: Scan start success
I (7361) GATTC_MULTIPLE_DEMO: ESP_GATTC_NOTIFY_EVT, Receive notify value:
E (7361) MQTT_CLIENT: Client was not initialized
I (7361) GATTC_MULTIPLE_DEMO: REQUEST_A: {"Tempature":20.299999}
REQUEST_A: {"Tempature":20.299999}
have load data AE (7371) MQTT_CLIENT: Client was not initialized
I (7381) GATTC_MULTIPLE_DEMO: 32 30 2e 33
I (8561) example_connect: Wi-Fi disconnected, trying to reconnect...
I (8581) wifi:new:<13,0>, old:<13,0>, ap:<255,255>, sta:<13,0>, prof:1
I (8581) wifi:state: init -> auth (b0)
I (8581) wifi:state: auth -> assoc (0)
I (8601) wifi:state: assoc -> run (10)
I (8641) wifi:connected with IPhone, aid = 5, channel 13, BW20, bssid = 4e:f2:2b:6e:01:bb
I (8641) wifi:security: WPA2-PSK, phy: bgn, rssi: -56
I (8641) wifi:pm start, type: 1

W (8661) wifi:<ba-add>idx:0 (ifx:0, 4e:f2:2b:6e:01:bb), tid:0, ssn:0, winSize:64
I (8681) wifi:AP's beacon interval = 102400 us, DTIM period = 2
I (9641) esp_netif_handlers: example_connect: sta ip: 192.168.43.201, mask: 255.255.255.0, gw: 192.168.43.1
I (9641) example_connect: Got IPv4 event: Interface "example_connect: sta" address: 192.168.43.201
I (10141) example_connect: Got IPv6 event: Interface "example_connect: sta" address: fe80:0000:0000:0000:fab3:b7ff:fe20:53f4, type: ESP_IP6_ADDR_IS_LINK_LOCAL
I (10141) example_connect: Connected to example_connect: sta
I (10151) example_connect: - IPv4 address: 192.168.43.201
I (10151) example_connect: - IPv6 address: fe80:0000:0000:0000:fab3:b7ff:fe20:53f4, type: ESP_IP6_ADDR_IS_LINK_LOCAL
I (10171) MQTT_EXAMPLE: Other event id:7
I (10171) MQTT_EXAMPLE: Other event id:7
I (10921) GATTC_MULTIPLE_DEMO: 77 27 4a b7 86 db
I (10921) GATTC_MULTIPLE_DEMO: Searched Adv Data Len 17, Scan Response Len 0
I (10921) GATTC_MULTIPLE_DEMO: Searched Device Name Len 0
I (10921) GATTC_MULTIPLE_DEMO:

E (10931) MQTT_CLIENT: Client was not initialized
W (10941) wifi:<ba-add>idx:1 (ifx:0, 4e:f2:2b:6e:01:bb), tid:1, ssn:0, winSize:64
I (11971) MQTT_EXAMPLE: MQTT_EVENT_CONNECTED
I (11971) MQTT_EXAMPLE: MQTT_EVENT_CONNECTED
I (12291) MQTT_EXAMPLE: MQTT_EVENT_SUBSCRIBED, msg_id=14605
I (12301) MQTT_EXAMPLE: MQTT_EVENT_SUBSCRIBED, msg_id=51403
I (12361) GATTC_MULTIPLE_DEMO: ESP_GATTC_NOTIFY_EVT, Receive notify value:
I (12371) GATTC_MULTIPLE_DEMO: REQUEST_A: {"Tempature":20.200001}
REQUEST_A: {"Tempature":20.200001}
have load data AI (12371) GATTC_MULTIPLE_DEMO: 32 30 2e 32
I (12781) MQTT_EXAMPLE: MQTT_EVENT_PUBLISHED_A, msg_id=52662
I (13191) MQTT_EXAMPLE: MQTT_EVENT_PUBLISHED_A, msg_id=42123
I (14921) GATTC_MULTIPLE_DEMO: 77 27 4a b7 86 db
I (14921) GATTC_MULTIPLE_DEMO: Searched Adv Data Len 17, Scan Response Len 0
I (14921) GATTC_MULTIPLE_DEMO: Searched Device Name Len 0
I (14921) GATTC_MULTIPLE_DEMO:

I (15651) MQTT_EXAMPLE: MQTT_EVENT_PUBLISHED_B, msg_id=22115
Khong tim thay du thiet bi I (16531) GATTC_MULTIPLE_DEMO: Scan start success
I (16921) GATTC_MULTIPLE_DEMO: 77 27 4a b7 86 db
I (16921) GATTC_MULTIPLE_DEMO: Searched Adv Data Len 17, Scan Response Len 0
I (16921) GATTC_MULTIPLE_DEMO: Searched Device Name Len 0
I (16921) GATTC_MULTIPLE_DEMO:

I (17361) GATTC_MULTIPLE_DEMO: ESP_GATTC_NOTIFY_EVT, Receive notify value:
I (17361) GATTC_MULTIPLE_DEMO: REQUEST_A: {"Tempature":20.200001}
REQUEST_A: {"Tempature":20.200001}
have load data AI (17371) GATTC_MULTIPLE_DEMO: 32 30 2e 32
I (17411) MQTT_EXAMPLE: MQTT_EVENT_PUBLISHED_B, msg_id=50397
I (18101) MQTT_EXAMPLE: MQTT_EVENT_PUBLISHED_A, msg_id=28834
I (18621) MQTT_EXAMPLE: MQTT_EVENT_PUBLISHED_A, msg_id=59978
Khong tim thay du thiet bi I (21541) GATTC_MULTIPLE_DEMO: Scan start success
I (22361) GATTC_MULTIPLE_DEMO: ESP_GATTC_NOTIFY_EVT, Receive notify value:
I (22361) GATTC_MULTIPLE_DEMO: REQUEST_A: {"Tempature":20.200001}
REQUEST_A: {"Tempature":20.200001}
have load data AI (22371) GATTC_MULTIPLE_DEMO: 32 30 2e 32
I (23531) MQTT_EXAMPLE: MQTT_EVENT_PUBLISHED_A, msg_id=23504
I (24051) MQTT_EXAMPLE: MQTT_EVENT_PUBLISHED_A, msg_id=40403
Khong tim thay du thiet bi I (26551) GATTC_MULTIPLE_DEMO: Scan start success
I (27361) GATTC_MULTIPLE_DEMO: ESP_GATTC_NOTIFY_EVT, Receive notify value:
I (27361) GATTC_MULTIPLE_DEMO: REQUEST_A: {"Tempature":20.200001}
REQUEST_A: {"Tempature":20.200001}
have load data AI (27371) GATTC_MULTIPLE_DEMO: 32 30 2e 32
I (27941) MQTT_EXAMPLE: MQTT_EVENT_PUBLISHED_A, msg_id=23645
I (28961) MQTT_EXAMPLE: MQTT_EVENT_PUBLISHED_A, msg_id=13033
I (29441) GATTC_MULTIPLE_DEMO: 5a 74 33 64 4d ef
I (29441) GATTC_MULTIPLE_DEMO: Searched Adv Data Len 17, Scan Response Len 0
I (29441) GATTC_MULTIPLE_DEMO: Searched Device Name Len 0
I (29441) GATTC_MULTIPLE_DEMO:

I (29891) MQTT_EXAMPLE: MQTT_EVENT_PUBLISHED_B, msg_id=59678
Khong tim thay du thiet bi I (31551) GATTC_MULTIPLE_DEMO: Scan start success
I (32361) GATTC_MULTIPLE_DEMO: ESP_GATTC_NOTIFY_EVT, Receive notify value:
I (32361) GATTC_MULTIPLE_DEMO: REQUEST_A: {"Tempature":20.299999}
REQUEST_A: {"Tempature":20.299999}
have load data AI (32371) GATTC_MULTIPLE_DEMO: 32 30 2e 33
I (33441) GATTC_MULTIPLE_DEMO: 5a 74 33 64 4d ef
I (33441) GATTC_MULTIPLE_DEMO: Searched Adv Data Len 17, Scan Response Len 0
I (33441) GATTC_MULTIPLE_DEMO: Searched Device Name Len 0
I (33441) GATTC_MULTIPLE_DEMO:

I (33571) MQTT_EXAMPLE: MQTT_EVENT_PUBLISHED_A, msg_id=46114
I (33881) MQTT_EXAMPLE: MQTT_EVENT_PUBLISHED_B, msg_id=62751
I (33891) MQTT_EXAMPLE: MQTT_EVENT_PUBLISHED_A, msg_id=43003
I (35441) GATTC_MULTIPLE_DEMO: 5a 74 33 64 4d ef
I (35441) GATTC_MULTIPLE_DEMO: Searched Adv Data Len 17, Scan Response Len 0
I (35441) GATTC_MULTIPLE_DEMO: Searched Device Name Len 0
I (35441) GATTC_MULTIPLE_DEMO:

I (35921) MQTT_EXAMPLE: MQTT_EVENT_PUBLISHED_B, msg_id=35351
Khong tim thay du thiet bi I (36561) GATTC_MULTIPLE_DEMO: Scan start success
I (37361) GATTC_MULTIPLE_DEMO: ESP_GATTC_NOTIFY_EVT, Receive notify value:
I (37361) GATTC_MULTIPLE_DEMO: REQUEST_A: {"Tempature":20.299999}
REQUEST_A: {"Tempature":20.299999}
have load data AI (37371) GATTC_MULTIPLE_DEMO: 32 30 2e 33
I (37451) GATTC_MULTIPLE_DEMO: 5a 74 33 64 4d ef
I (37451) GATTC_MULTIPLE_DEMO: Searched Adv Data Len 17, Scan Response Len 0
I (37451) GATTC_MULTIPLE_DEMO: Searched Device Name Len 0
I (37461) GATTC_MULTIPLE_DEMO:

I (38181) MQTT_EXAMPLE: MQTT_EVENT_PUBLISHED_A, msg_id=6175
I (38381) MQTT_EXAMPLE: MQTT_EVENT_PUBLISHED_B, msg_id=22906
I (39001) MQTT_EXAMPLE: MQTT_EVENT_PUBLISHED_A, msg_id=16815
I (39451) GATTC_MULTIPLE_DEMO: 5a 74 33 64 4d ef
I (39451) GATTC_MULTIPLE_DEMO: Searched Adv Data Len 17, Scan Response Len 0
I (39451) GATTC_MULTIPLE_DEMO: Searched Device Name Len 0
I (39451) GATTC_MULTIPLE_DEMO:

I (40021) MQTT_EXAMPLE: MQTT_EVENT_PUBLISHED_B, msg_id=14728



SP_GATTC_NOTIFY_EVT:

Đây là sự kiện nhận thông báo (notify) từ thiết bị BLE khác. Trong đoạn log, giá trị nhận được là một chuỗi JSON chứa thông tin:
Ví dụ: REQUEST_A: {"Tempature":20.200001}
Dữ liệu nhận được thể hiện nhiệt độ được gửi từ thiết bị BLE.

Dòng byte data:

Ví dụ: 32 30 2e 32 là dữ liệu được nhận dưới dạng byte (dạng thô) và được chuyển đổi thành thông tin nhiệt độ (20.2).
Scan BLE:

Log như Scan start success chỉ ra rằng hệ thống bắt đầu quét các thiết bị BLE để tìm kiếm thiết bị mới hoặc tiếp tục giao tiếp với thiết bị đã kết nối.
"Không tìm thấy đủ thiết bị":

Một phần log cho thấy việc quét BLE không tìm thấy đủ thiết bị mong đợi hoặc không có thiết bị nào gửi dữ liệu kịp thời.


 Gửi dữ liệu qua MQTT:
MQTT_EVENT_PUBLISHED:
Sự kiện này chỉ ra rằng dữ liệu đã được gửi thành công qua MQTT đến một chủ đề (topic) trên broker.
msg_id: ID của thông điệp MQTT được gửi, giúp theo dõi các thông điệp trong ứng dụng.
Có hai luồng thông điệp chính:
MQTT_EVENT_PUBLISHED_A: Gửi dữ liệu nhiệt độ đã nhận từ BLE.
MQTT_EVENT_PUBLISHED_B: Có thể là một luồng khác gửi dữ liệu hoặc tín hiệu kiểm tra.






